Arguments: 
  C:\Program Files\nodejs\node.exe C:\Program Files (x86)\Yarn\bin\yarn.js

PATH: 
  C:\Users\Neko\bin;C:\Program Files\Git\mingw64\bin;C:\Program Files\Git\usr\local\bin;C:\Program Files\Git\usr\bin;C:\Program Files\Git\usr\bin;C:\Program Files\Git\mingw64\bin;C:\Program Files\Git\usr\bin;C:\Users\Neko\bin;C:\Program Files (x86)\NVIDIA Corporation\PhysX\Common;C:\Program Files (x86)\Common Files\Oracle\Java\javapath;C:\ProgramData\Oracle\Java\javapath;C:\WINDOWS\system32;C:\WINDOWS;C:\WINDOWS\System32\Wbem;C:\WINDOWS\System32\WindowsPowerShell\v1.0;C:\Program Files (x86)\GtkSharp\2.12\bin;C:\WINDOWS\System32\OpenSSH;C:\Program Files\Git\cmd;C:\Program Files\nodejs;C:\Program Files (x86)\Yarn\bin;C:\Users\Neko\AppData\Local\Microsoft\WindowsApps;C:\Users\Neko\AppData\Local\atom\bin;C:\Users\Neko\AppData\Local\Programs\Microsoft VS Code\bin;C:\Users\Neko\AppData\Roaming\npm;C:\Users\Neko\AppData\Local\Yarn\bin;C:\Program Files\Git\usr\bin\vendor_perl;C:\Program Files\Git\usr\bin\core_perl

Yarn version: 
  1.13.0

Node version: 
  10.13.0

Platform: 
  win32 x64

Trace: 
  SyntaxError: C:\Users\Neko\desktop\gits3\auth-ii\package.json: Unexpected string in JSON at position 194
      at JSON.parse (<anonymous>)
      at C:\Program Files (x86)\Yarn\lib\cli.js:1625:59
      at Generator.next (<anonymous>)
      at step (C:\Program Files (x86)\Yarn\lib\cli.js:304:30)
      at C:\Program Files (x86)\Yarn\lib\cli.js:315:13

npm manifest: 
  {
    "name": "auth-ii",
    "version": "1.0.0",
    "main": "index.js",
    "repository": "https://github.com/nek0senpa1/auth-ii.git",
    "author": "amberm <nekosenpai@gmail.com>",
    "license": "MIT"
    "dependencies": {
      "bcryptjs": "^2.4.3",
      "connect-session-knex": "^1.4.0",
      "cors": "^2.8.5",
      "express": "^4.16.4",
      "express-session": "^1.15.6",
      "helmet": "^3.15.1",
      "jsonwebtoken": "^8.5.0",
      "knex": "^0.16.3",
      "nodemon": "^1.18.10",
      "sqlite3": "^4.0.6"
    },
    "scripts": {
      "server": "nodemon index.js",
      "start": "node index.js"
    }
  
  }

yarn manifest: 
  No manifest

Lockfile: 
  No lockfile
